Restoring NuGet packages...
To prevent NuGet from restoring packages during build, open the Visual Studio Options dialog, click on the Package Manager node and uncheck 'Allow NuGet to download missing packages during build.'
Committing restore...
Assets file has not changed. Skipping assets file writing. Path: C:\Work\_temp\sf-statefull-sample\src\Sample.Service.UTILS.Logging.Abstractions\obj\project.assets.json
Restore completed in 15,15 ms for C:\Work\_temp\sf-statefull-sample\src\Sample.Service.UTILS.Logging.Abstractions\Sample.Service.UTILS.Logging.Abstractions.csproj.
Committing restore...
Assets file has not changed. Skipping assets file writing. Path: C:\Work\_temp\sf-statefull-sample\src\Sample.Service.UTILS.Logging\obj\project.assets.json
Restore completed in 2,76 ms for C:\Work\_temp\sf-statefull-sample\src\Sample.Service.UTILS.Logging\Sample.Service.UTILS.Logging.csproj.
1>------ Build started: Project: Sample.UTILS.Logging, Configuration: Debug x64 ------
1>Target PrepareForBuild:
1>  Creating directory "bin\Debug\".
1>Target CleanupEmptyRefsFolder:
1>  Removing directory "C:\Work\_temp\sf-statefull-sample\src\Sample.UTILS.Logging\bin\Debug\".
2>------ Deploy started: Project: Sample.UTILS.Logging, Configuration: Debug x64 ------
2>Started executing script 'GetApplicationExistence'.
-------- Package started: Project: Sample.UTILS.Logging, Configuration: Debug x64 ------
2>Finished executing script 'GetApplicationExistence'.
2>Time elapsed: 00:00:05.5403449
Target PrepareForBuild:
  Creating directory "bin\Debug\".
Target CleanupEmptyRefsFolder:
  Removing directory "C:\Work\_temp\sf-statefull-sample\src\Sample.UTILS.Logging\bin\Debug\".
Target PackageServices:
  Creating directory "C:\Work\_temp\sf-statefull-sample\src\Sample.UTILS.Logging\pkg\Debug\Sample.Service.UTILS.Logging\Config".
  Copying file from "C:\Work\_temp\sf-statefull-sample\src\Sample.Service.UTILS.Logging\PackageRoot\Config\Settings.xml" to "C:\Work\_temp\sf-statefull-sample\src\Sample.UTILS.Logging\pkg\Debug\Sample.Service.UTILS.Logging\Config\Settings.xml".
  Copying file from "C:\Work\_temp\sf-statefull-sample\src\Sample.Service.UTILS.Logging\PackageRoot\ServiceManifest.xml" to "C:\Work\_temp\sf-statefull-sample\src\Sample.UTILS.Logging\pkg\Debug\Sample.Service.UTILS.Logging\ServiceManifest.xml".
Target PackagePublishableServices:
  Target _WaitForServiceFabricApplicationCleanupBeforeBuild:
    Waiting for output folder cleanup...
    Output folder cleanup has been completed.
  Target _HandlePackageFileConflicts:
    Encountered conflict between 'Reference:C:\Users\grishkov.mn\.nuget\packages\system.runtime\4.3.0\ref\net462\System.Runtime.dll' and 'Reference:C:\Program Files (x86)\Microsoft Visual Studio\2017\Professional\MSBuild\Microsoft\Microsoft.NET.Build.Extensions\\net461\ref\System.Runtime.dll'.  Choosing 'Reference:C:\Program Files (x86)\Microsoft Visual Studio\2017\Professional\MSBuild\Microsoft\Microsoft.NET.Build.Extensions\\net461\ref\System.Runtime.dll' because AssemblyVersion '4.1.2.0' is greater than '4.1.1.0'.
    Encountered conflict between 'CopyLocal:C:\Users\grishkov.mn\.nuget\packages\system.runtime\4.3.0\lib\net462\System.Runtime.dll' and 'CopyLocal:C:\Program Files (x86)\Microsoft Visual Studio\2017\Professional\MSBuild\Microsoft\Microsoft.NET.Build.Extensions\\net461\lib\System.Runtime.dll'.  Choosing 'CopyLocal:C:\Program Files (x86)\Microsoft Visual Studio\2017\Professional\MSBuild\Microsoft\Microsoft.NET.Build.Extensions\\net461\lib\System.Runtime.dll' because AssemblyVersion '4.1.2.0' is greater than '4.1.1.0'.
  Target GenerateTargetFrameworkMonikerAttribute:
    Skipping target "GenerateTargetFrameworkMonikerAttribute" because all output files are up-to-date with respect to the input files.
  Target CoreGenerateAssemblyInfo:
    Skipping target "CoreGenerateAssemblyInfo" because all output files are up-to-date with respect to the input files.
  Target CoreCompile:
    Using shared compilation with compiler from directory: C:\Program Files (x86)\Microsoft Visual Studio\2017\Professional\MSBuild\15.0\Bin\Roslyn
  Target _CopyFilesMarkedCopyLocal:
    Copying file from "C:\Work\_temp\sf-statefull-sample\src\Sample.Service.UTILS.Logging.Abstractions\bin\x64\Debug\net462\Sample.Service.UTILS.Logging.Abstractions.dll" to "bin\Debug\net462\win7-x64\Sample.Service.UTILS.Logging.Abstractions.dll".
    Copying file from "C:\Work\_temp\sf-statefull-sample\src\Sample.Service.UTILS.Logging.Abstractions\bin\x64\Debug\net462\Sample.Service.UTILS.Logging.Abstractions.pdb" to "bin\Debug\net462\win7-x64\Sample.Service.UTILS.Logging.Abstractions.pdb".
    Touching "C:\Work\_temp\sf-statefull-sample\src\Sample.Service.UTILS.Logging\obj\Debug\net462\win7-x64\Sample.Service.UTILS.Logging.csproj.CopyComplete".
  Target _CopyAppConfigFile:
    Copying file from "obj\Debug\net462\win7-x64\Sample.Service.UTILS.Logging.csproj.Sample.Service.UTILS.Logging.exe.config" to "bin\Debug\net462\win7-x64\Sample.Service.UTILS.Logging.exe.config".
  Target CopyFilesToOutputDirectory:
    Copying file from "obj\Debug\net462\win7-x64\Sample.Service.UTILS.Logging.exe" to "bin\Debug\net462\win7-x64\Sample.Service.UTILS.Logging.exe".
    Sample.Service.UTILS.Logging -> C:\Work\_temp\sf-statefull-sample\src\Sample.Service.UTILS.Logging\bin\Debug\net462\win7-x64\Sample.Service.UTILS.Logging.exe
    Copying file from "obj\Debug\net462\win7-x64\Sample.Service.UTILS.Logging.pdb" to "bin\Debug\net462\win7-x64\Sample.Service.UTILS.Logging.pdb".
  Target CleanupEmptyRefsFolder:
    Directory "C:\Work\_temp\sf-statefull-sample\src\Sample.Service.UTILS.Logging\bin\Debug\net462\win7-x64\refs" doesn't exist. Skipping.
  Target PrepareForPublish:
    Creating directory "C:\Work\_temp\sf-statefull-sample\src\Sample.UTILS.Logging\pkg\Debug\Sample.Service.UTILS.Logging\Code\".
  Target _CopyResolvedFilesToPublishPreserveNewest:
    Skipping target "_CopyResolvedFilesToPublishPreserveNewest" because it has no outputs.
  Target _CopyResolvedFilesToPublishAlways:
    Copying file from "obj\Debug\net462\win7-x64\Sample.Service.UTILS.Logging.exe" to "C:\Work\_temp\sf-statefull-sample\src\Sample.UTILS.Logging\pkg\Debug\Sample.Service.UTILS.Logging\Code\Sample.Service.UTILS.Logging.exe".
    Copying file from "obj\Debug\net462\win7-x64\Sample.Service.UTILS.Logging.csproj.Sample.Service.UTILS.Logging.exe.config" to "C:\Work\_temp\sf-statefull-sample\src\Sample.UTILS.Logging\pkg\Debug\Sample.Service.UTILS.Logging\Code\Sample.Service.UTILS.Logging.exe.config".
    Copying file from "obj\Debug\net462\win7-x64\Sample.Service.UTILS.Logging.pdb" to "C:\Work\_temp\sf-statefull-sample\src\Sample.UTILS.Logging\pkg\Debug\Sample.Service.UTILS.Logging\Code\Sample.Service.UTILS.Logging.pdb".
    Copying file from "C:\Users\grishkov.mn\.nuget\packages\microsoft.servicefabric\6.1.219-preview\lib\net45\Microsoft.ServiceFabric.Internal.Strings.dll" to "C:\Work\_temp\sf-statefull-sample\src\Sample.UTILS.Logging\pkg\Debug\Sample.Service.UTILS.Logging\Code\Microsoft.ServiceFabric.Internal.Strings.dll".
    Copying file from "C:\Users\grishkov.mn\.nuget\packages\microsoft.servicefabric\6.1.219-preview\lib\net45\Microsoft.ServiceFabric.Internal.dll" to "C:\Work\_temp\sf-statefull-sample\src\Sample.UTILS.Logging\pkg\Debug\Sample.Service.UTILS.Logging\Code\Microsoft.ServiceFabric.Internal.dll".
    Copying file from "C:\Users\grishkov.mn\.nuget\packages\microsoft.servicefabric\6.1.219-preview\lib\net45\Microsoft.ServiceFabric.Preview.dll" to "C:\Work\_temp\sf-statefull-sample\src\Sample.UTILS.Logging\pkg\Debug\Sample.Service.UTILS.Logging\Code\Microsoft.ServiceFabric.Preview.dll".
    Copying file from "C:\Users\grishkov.mn\.nuget\packages\microsoft.servicefabric\6.1.219-preview\lib\net45\System.Fabric.Management.ServiceModel.XmlSerializers.dll" to "C:\Work\_temp\sf-statefull-sample\src\Sample.UTILS.Logging\pkg\Debug\Sample.Service.UTILS.Logging\Code\System.Fabric.Management.ServiceModel.XmlSerializers.dll".
    Copying file from "C:\Users\grishkov.mn\.nuget\packages\microsoft.servicefabric\6.1.219-preview\lib\net45\System.Fabric.Management.ServiceModel.dll" to "C:\Work\_temp\sf-statefull-sample\src\Sample.UTILS.Logging\pkg\Debug\Sample.Service.UTILS.Logging\Code\System.Fabric.Management.ServiceModel.dll".
    Copying file from "C:\Users\grishkov.mn\.nuget\packages\microsoft.servicefabric\6.1.219-preview\lib\net45\System.Fabric.Strings.dll" to "C:\Work\_temp\sf-statefull-sample\src\Sample.UTILS.Logging\pkg\Debug\Sample.Service.UTILS.Logging\Code\System.Fabric.Strings.dll".
    Copying file from "C:\Users\grishkov.mn\.nuget\packages\microsoft.servicefabric\6.1.219-preview\lib\net45\System.Fabric.dll" to "C:\Work\_temp\sf-statefull-sample\src\Sample.UTILS.Logging\pkg\Debug\Sample.Service.UTILS.Logging\Code\System.Fabric.dll".
    Copying file from "C:\Users\grishkov.mn\.nuget\packages\microsoft.servicefabric.data\3.0.219-preview\lib\net45\Microsoft.ServiceFabric.Data.Interfaces.dll" to "C:\Work\_temp\sf-statefull-sample\src\Sample.UTILS.Logging\pkg\Debug\Sample.Service.UTILS.Logging\Code\Microsoft.ServiceFabric.Data.Interfaces.dll".
    Copying file from "C:\Users\grishkov.mn\.nuget\packages\microsoft.servicefabric.data\3.0.219-preview\lib\net45\Microsoft.ServiceFabric.Data.dll" to "C:\Work\_temp\sf-statefull-sample\src\Sample.UTILS.Logging\pkg\Debug\Sample.Service.UTILS.Logging\Code\Microsoft.ServiceFabric.Data.dll".
    Copying file from "C:\Users\grishkov.mn\.nuget\packages\microsoft.servicefabric.diagnostics.internal\3.0.219-preview\lib\net45\Microsoft.ServiceFabric.Diagnostics.dll" to "C:\Work\_temp\sf-statefull-sample\src\Sample.UTILS.Logging\pkg\Debug\Sample.Service.UTILS.Logging\Code\Microsoft.ServiceFabric.Diagnostics.dll".
    Copying file from "C:\Users\grishkov.mn\.nuget\packages\microsoft.servicefabric.fabrictransport.internal\3.0.219-preview\lib\net45\Microsoft.ServiceFabric.FabricTransport.V2.dll" to "C:\Work\_temp\sf-statefull-sample\src\Sample.UTILS.Logging\pkg\Debug\Sample.Service.UTILS.Logging\Code\Microsoft.ServiceFabric.FabricTransport.V2.dll".
    Copying file from "C:\Users\grishkov.mn\.nuget\packages\microsoft.servicefabric.fabrictransport.internal\3.0.219-preview\lib\net45\Microsoft.ServiceFabric.FabricTransport.dll" to "C:\Work\_temp\sf-statefull-sample\src\Sample.UTILS.Logging\pkg\Debug\Sample.Service.UTILS.Logging\Code\Microsoft.ServiceFabric.FabricTransport.dll".
    Copying file from "C:\Users\grishkov.mn\.nuget\packages\microsoft.servicefabric.services\3.0.219-preview\lib\net45\Microsoft.ServiceFabric.Services.dll" to "C:\Work\_temp\sf-statefull-sample\src\Sample.UTILS.Logging\pkg\Debug\Sample.Service.UTILS.Logging\Code\Microsoft.ServiceFabric.Services.dll".
    Copying file from "C:\Users\grishkov.mn\.nuget\packages\microsoft.servicefabric.services.remoting\3.0.219-preview\lib\net45\Microsoft.ServiceFabric.Services.Remoting.dll" to "C:\Work\_temp\sf-statefull-sample\src\Sample.UTILS.Logging\pkg\Debug\Sample.Service.UTILS.Logging\Code\Microsoft.ServiceFabric.Services.Remoting.dll".
    Copying file from "C:\Users\grishkov.mn\.nuget\packages\newtonsoft.json\10.0.3\lib\net45\Newtonsoft.Json.dll" to "C:\Work\_temp\sf-statefull-sample\src\Sample.UTILS.Logging\pkg\Debug\Sample.Service.UTILS.Logging\Code\Newtonsoft.Json.dll".
    Copying file from "C:\Users\grishkov.mn\.nuget\packages\system.runtime\4.3.0\lib\net462\System.Runtime.dll" to "C:\Work\_temp\sf-statefull-sample\src\Sample.UTILS.Logging\pkg\Debug\Sample.Service.UTILS.Logging\Code\System.Runtime.dll".
    Copying file from "C:\Program Files (x86)\Microsoft Visual Studio\2017\Professional\MSBuild\Microsoft\Microsoft.NET.Build.Extensions\\net461\lib\System.Runtime.dll" to "C:\Work\_temp\sf-statefull-sample\src\Sample.UTILS.Logging\pkg\Debug\Sample.Service.UTILS.Logging\Code\System.Runtime.dll".
    Copying file from "C:\Program Files (x86)\Microsoft Visual Studio\2017\Professional\MSBuild\Microsoft\Microsoft.NET.Build.Extensions\\net462\lib\System.Runtime.InteropServices.RuntimeInformation.dll" to "C:\Work\_temp\sf-statefull-sample\src\Sample.UTILS.Logging\pkg\Debug\Sample.Service.UTILS.Logging\Code\System.Runtime.InteropServices.RuntimeInformation.dll".
    Copying file from "C:\Program Files (x86)\Microsoft Visual Studio\2017\Professional\MSBuild\Microsoft\Microsoft.NET.Build.Extensions\\net461\lib\Microsoft.Win32.Primitives.dll" to "C:\Work\_temp\sf-statefull-sample\src\Sample.UTILS.Logging\pkg\Debug\Sample.Service.UTILS.Logging\Code\Microsoft.Win32.Primitives.dll".
    Copying file from "C:\Program Files (x86)\Microsoft Visual Studio\2017\Professional\MSBuild\Microsoft\Microsoft.NET.Build.Extensions\\net461\lib\netstandard.dll" to "C:\Work\_temp\sf-statefull-sample\src\Sample.UTILS.Logging\pkg\Debug\Sample.Service.UTILS.Logging\Code\netstandard.dll".
    Copying file from "C:\Program Files (x86)\Microsoft Visual Studio\2017\Professional\MSBuild\Microsoft\Microsoft.NET.Build.Extensions\\net461\lib\System.AppContext.dll" to "C:\Work\_temp\sf-statefull-sample\src\Sample.UTILS.Logging\pkg\Debug\Sample.Service.UTILS.Logging\Code\System.AppContext.dll".
    Copying file from "C:\Program Files (x86)\Microsoft Visual Studio\2017\Professional\MSBuild\Microsoft\Microsoft.NET.Build.Extensions\\net461\lib\System.Collections.Concurrent.dll" to "C:\Work\_temp\sf-statefull-sample\src\Sample.UTILS.Logging\pkg\Debug\Sample.Service.UTILS.Logging\Code\System.Collections.Concurrent.dll".
    Copying file from "C:\Program Files (x86)\Microsoft Visual Studio\2017\Professional\MSBuild\Microsoft\Microsoft.NET.Build.Extensions\\net461\lib\System.Collections.dll" to "C:\Work\_temp\sf-statefull-sample\src\Sample.UTILS.Logging\pkg\Debug\Sample.Service.UTILS.Logging\Code\System.Collections.dll".
    Copying file from "C:\Program Files (x86)\Microsoft Visual Studio\2017\Professional\MSBuild\Microsoft\Microsoft.NET.Build.Extensions\\net461\lib\System.Collections.NonGeneric.dll" to "C:\Work\_temp\sf-statefull-sample\src\Sample.UTILS.Logging\pkg\Debug\Sample.Service.UTILS.Logging\Code\System.Collections.NonGeneric.dll".
    Copying file from "C:\Program Files (x86)\Microsoft Visual Studio\2017\Professional\MSBuild\Microsoft\Microsoft.NET.Build.Extensions\\net461\lib\System.Collections.Specialized.dll" to "C:\Work\_temp\sf-statefull-sample\src\Sample.UTILS.Logging\pkg\Debug\Sample.Service.UTILS.Logging\Code\System.Collections.Specialized.dll".
    Copying file from "C:\Program Files (x86)\Microsoft Visual Studio\2017\Professional\MSBuild\Microsoft\Microsoft.NET.Build.Extensions\\net461\lib\System.ComponentModel.dll" to "C:\Work\_temp\sf-statefull-sample\src\Sample.UTILS.Logging\pkg\Debug\Sample.Service.UTILS.Logging\Code\System.ComponentModel.dll".
    Copying file from "C:\Program Files (x86)\Microsoft Visual Studio\2017\Professional\MSBuild\Microsoft\Microsoft.NET.Build.Extensions\\net461\lib\System.ComponentModel.EventBasedAsync.dll" to "C:\Work\_temp\sf-statefull-sample\src\Sample.UTILS.Logging\pkg\Debug\Sample.Service.UTILS.Logging\Code\System.ComponentModel.EventBasedAsync.dll".
    Copying file from "C:\Program Files (x86)\Microsoft Visual Studio\2017\Professional\MSBuild\Microsoft\Microsoft.NET.Build.Extensions\\net461\lib\System.ComponentModel.Primitives.dll" to "C:\Work\_temp\sf-statefull-sample\src\Sample.UTILS.Logging\pkg\Debug\Sample.Service.UTILS.Logging\Code\System.ComponentModel.Primitives.dll".
    Copying file from "C:\Program Files (x86)\Microsoft Visual Studio\2017\Professional\MSBuild\Microsoft\Microsoft.NET.Build.Extensions\\net461\lib\System.ComponentModel.TypeConverter.dll" to "C:\Work\_temp\sf-statefull-sample\src\Sample.UTILS.Logging\pkg\Debug\Sample.Service.UTILS.Logging\Code\System.ComponentModel.TypeConverter.dll".
    Copying file from "C:\Program Files (x86)\Microsoft Visual Studio\2017\Professional\MSBuild\Microsoft\Microsoft.NET.Build.Extensions\\net461\lib\System.Console.dll" to "C:\Work\_temp\sf-statefull-sample\src\Sample.UTILS.Logging\pkg\Debug\Sample.Service.UTILS.Logging\Code\System.Console.dll".
    Copying file from "C:\Program Files (x86)\Microsoft Visual Studio\2017\Professional\MSBuild\Microsoft\Microsoft.NET.Build.Extensions\\net461\lib\System.Data.Common.dll" to "C:\Work\_temp\sf-statefull-sample\src\Sample.UTILS.Logging\pkg\Debug\Sample.Service.UTILS.Logging\Code\System.Data.Common.dll".
    Copying file from "C:\Program Files (x86)\Microsoft Visual Studio\2017\Professional\MSBuild\Microsoft\Microsoft.NET.Build.Extensions\\net461\lib\System.Diagnostics.Contracts.dll" to "C:\Work\_temp\sf-statefull-sample\src\Sample.UTILS.Logging\pkg\Debug\Sample.Service.UTILS.Logging\Code\System.Diagnostics.Contracts.dll".
    Copying file from "C:\Program Files (x86)\Microsoft Visual Studio\2017\Professional\MSBuild\Microsoft\Microsoft.NET.Build.Extensions\\net461\lib\System.Diagnostics.Debug.dll" to "C:\Work\_temp\sf-statefull-sample\src\Sample.UTILS.Logging\pkg\Debug\Sample.Service.UTILS.Logging\Code\System.Diagnostics.Debug.dll".
    Copying file from "C:\Program Files (x86)\Microsoft Visual Studio\2017\Professional\MSBuild\Microsoft\Microsoft.NET.Build.Extensions\\net461\lib\System.Diagnostics.FileVersionInfo.dll" to "C:\Work\_temp\sf-statefull-sample\src\Sample.UTILS.Logging\pkg\Debug\Sample.Service.UTILS.Logging\Code\System.Diagnostics.FileVersionInfo.dll".
    Copying file from "C:\Program Files (x86)\Microsoft Visual Studio\2017\Professional\MSBuild\Microsoft\Microsoft.NET.Build.Extensions\\net461\lib\System.Diagnostics.Process.dll" to "C:\Work\_temp\sf-statefull-sample\src\Sample.UTILS.Logging\pkg\Debug\Sample.Service.UTILS.Logging\Code\System.Diagnostics.Process.dll".
    Copying file from "C:\Program Files (x86)\Microsoft Visual Studio\2017\Professional\MSBuild\Microsoft\Microsoft.NET.Build.Extensions\\net461\lib\System.Diagnostics.StackTrace.dll" to "C:\Work\_temp\sf-statefull-sample\src\Sample.UTILS.Logging\pkg\Debug\Sample.Service.UTILS.Logging\Code\System.Diagnostics.StackTrace.dll".
    Copying file from "C:\Program Files (x86)\Microsoft Visual Studio\2017\Professional\MSBuild\Microsoft\Microsoft.NET.Build.Extensions\\net461\lib\System.Diagnostics.TextWriterTraceListener.dll" to "C:\Work\_temp\sf-statefull-sample\src\Sample.UTILS.Logging\pkg\Debug\Sample.Service.UTILS.Logging\Code\System.Diagnostics.TextWriterTraceListener.dll".
    Copying file from "C:\Program Files (x86)\Microsoft Visual Studio\2017\Professional\MSBuild\Microsoft\Microsoft.NET.Build.Extensions\\net461\lib\System.Diagnostics.Tools.dll" to "C:\Work\_temp\sf-statefull-sample\src\Sample.UTILS.Logging\pkg\Debug\Sample.Service.UTILS.Logging\Code\System.Diagnostics.Tools.dll".
    Copying file from "C:\Program Files (x86)\Microsoft Visual Studio\2017\Professional\MSBuild\Microsoft\Microsoft.NET.Build.Extensions\\net461\lib\System.Diagnostics.TraceSource.dll" to "C:\Work\_temp\sf-statefull-sample\src\Sample.UTILS.Logging\pkg\Debug\Sample.Service.UTILS.Logging\Code\System.Diagnostics.TraceSource.dll".
    Copying file from "C:\Program Files (x86)\Microsoft Visual Studio\2017\Professional\MSBuild\Microsoft\Microsoft.NET.Build.Extensions\\net461\lib\System.Diagnostics.Tracing.dll" to "C:\Work\_temp\sf-statefull-sample\src\Sample.UTILS.Logging\pkg\Debug\Sample.Service.UTILS.Logging\Code\System.Diagnostics.Tracing.dll".
    Copying file from "C:\Program Files (x86)\Microsoft Visual Studio\2017\Professional\MSBuild\Microsoft\Microsoft.NET.Build.Extensions\\net461\lib\System.Drawing.Primitives.dll" to "C:\Work\_temp\sf-statefull-sample\src\Sample.UTILS.Logging\pkg\Debug\Sample.Service.UTILS.Logging\Code\System.Drawing.Primitives.dll".
    Copying file from "C:\Program Files (x86)\Microsoft Visual Studio\2017\Professional\MSBuild\Microsoft\Microsoft.NET.Build.Extensions\\net461\lib\System.Dynamic.Runtime.dll" to "C:\Work\_temp\sf-statefull-sample\src\Sample.UTILS.Logging\pkg\Debug\Sample.Service.UTILS.Logging\Code\System.Dynamic.Runtime.dll".
    Copying file from "C:\Program Files (x86)\Microsoft Visual Studio\2017\Professional\MSBuild\Microsoft\Microsoft.NET.Build.Extensions\\net461\lib\System.Globalization.Calendars.dll" to "C:\Work\_temp\sf-statefull-sample\src\Sample.UTILS.Logging\pkg\Debug\Sample.Service.UTILS.Logging\Code\System.Globalization.Calendars.dll".
    Copying file from "C:\Program Files (x86)\Microsoft Visual Studio\2017\Professional\MSBuild\Microsoft\Microsoft.NET.Build.Extensions\\net461\lib\System.Globalization.dll" to "C:\Work\_temp\sf-statefull-sample\src\Sample.UTILS.Logging\pkg\Debug\Sample.Service.UTILS.Logging\Code\System.Globalization.dll".
    Copying file from "C:\Program Files (x86)\Microsoft Visual Studio\2017\Professional\MSBuild\Microsoft\Microsoft.NET.Build.Extensions\\net461\lib\System.Globalization.Extensions.dll" to "C:\Work\_temp\sf-statefull-sample\src\Sample.UTILS.Logging\pkg\Debug\Sample.Service.UTILS.Logging\Code\System.Globalization.Extensions.dll".
    Copying file from "C:\Program Files (x86)\Microsoft Visual Studio\2017\Professional\MSBuild\Microsoft\Microsoft.NET.Build.Extensions\\net461\lib\System.IO.Compression.dll" to "C:\Work\_temp\sf-statefull-sample\src\Sample.UTILS.Logging\pkg\Debug\Sample.Service.UTILS.Logging\Code\System.IO.Compression.dll".
    Copying file from "C:\Program Files (x86)\Microsoft Visual Studio\2017\Professional\MSBuild\Microsoft\Microsoft.NET.Build.Extensions\\net461\lib\System.IO.Compression.ZipFile.dll" to "C:\Work\_temp\sf-statefull-sample\src\Sample.UTILS.Logging\pkg\Debug\Sample.Service.UTILS.Logging\Code\System.IO.Compression.ZipFile.dll".
    Copying file from "C:\Program Files (x86)\Microsoft Visual Studio\2017\Professional\MSBuild\Microsoft\Microsoft.NET.Build.Extensions\\net461\lib\System.IO.dll" to "C:\Work\_temp\sf-statefull-sample\src\Sample.UTILS.Logging\pkg\Debug\Sample.Service.UTILS.Logging\Code\System.IO.dll".
    Copying file from "C:\Program Files (x86)\Microsoft Visual Studio\2017\Professional\MSBuild\Microsoft\Microsoft.NET.Build.Extensions\\net461\lib\System.IO.FileSystem.dll" to "C:\Work\_temp\sf-statefull-sample\src\Sample.UTILS.Logging\pkg\Debug\Sample.Service.UTILS.Logging\Code\System.IO.FileSystem.dll".
    Copying file from "C:\Program Files (x86)\Microsoft Visual Studio\2017\Professional\MSBuild\Microsoft\Microsoft.NET.Build.Extensions\\net461\lib\System.IO.FileSystem.DriveInfo.dll" to "C:\Work\_temp\sf-statefull-sample\src\Sample.UTILS.Logging\pkg\Debug\Sample.Service.UTILS.Logging\Code\System.IO.FileSystem.DriveInfo.dll".
    Copying file from "C:\Program Files (x86)\Microsoft Visual Studio\2017\Professional\MSBuild\Microsoft\Microsoft.NET.Build.Extensions\\net461\lib\System.IO.FileSystem.Primitives.dll" to "C:\Work\_temp\sf-statefull-sample\src\Sample.UTILS.Logging\pkg\Debug\Sample.Service.UTILS.Logging\Code\System.IO.FileSystem.Primitives.dll".
    Copying file from "C:\Program Files (x86)\Microsoft Visual Studio\2017\Professional\MSBuild\Microsoft\Microsoft.NET.Build.Extensions\\net461\lib\System.IO.FileSystem.Watcher.dll" to "C:\Work\_temp\sf-statefull-sample\src\Sample.UTILS.Logging\pkg\Debug\Sample.Service.UTILS.Logging\Code\System.IO.FileSystem.Watcher.dll".
    Copying file from "C:\Program Files (x86)\Microsoft Visual Studio\2017\Professional\MSBuild\Microsoft\Microsoft.NET.Build.Extensions\\net461\lib\System.IO.IsolatedStorage.dll" to "C:\Work\_temp\sf-statefull-sample\src\Sample.UTILS.Logging\pkg\Debug\Sample.Service.UTILS.Logging\Code\System.IO.IsolatedStorage.dll".
    Copying file from "C:\Program Files (x86)\Microsoft Visual Studio\2017\Professional\MSBuild\Microsoft\Microsoft.NET.Build.Extensions\\net461\lib\System.IO.MemoryMappedFiles.dll" to "C:\Work\_temp\sf-statefull-sample\src\Sample.UTILS.Logging\pkg\Debug\Sample.Service.UTILS.Logging\Code\System.IO.MemoryMappedFiles.dll".
    Copying file from "C:\Program Files (x86)\Microsoft Visual Studio\2017\Professional\MSBuild\Microsoft\Microsoft.NET.Build.Extensions\\net461\lib\System.IO.Pipes.dll" to "C:\Work\_temp\sf-statefull-sample\src\Sample.UTILS.Logging\pkg\Debug\Sample.Service.UTILS.Logging\Code\System.IO.Pipes.dll".
    Copying file from "C:\Program Files (x86)\Microsoft Visual Studio\2017\Professional\MSBuild\Microsoft\Microsoft.NET.Build.Extensions\\net461\lib\System.IO.UnmanagedMemoryStream.dll" to "C:\Work\_temp\sf-statefull-sample\src\Sample.UTILS.Logging\pkg\Debug\Sample.Service.UTILS.Logging\Code\System.IO.UnmanagedMemoryStream.dll".
    Copying file from "C:\Program Files (x86)\Microsoft Visual Studio\2017\Professional\MSBuild\Microsoft\Microsoft.NET.Build.Extensions\\net461\lib\System.Linq.dll" to "C:\Work\_temp\sf-statefull-sample\src\Sample.UTILS.Logging\pkg\Debug\Sample.Service.UTILS.Logging\Code\System.Linq.dll".
    Copying file from "C:\Program Files (x86)\Microsoft Visual Studio\2017\Professional\MSBuild\Microsoft\Microsoft.NET.Build.Extensions\\net461\lib\System.Linq.Expressions.dll" to "C:\Work\_temp\sf-statefull-sample\src\Sample.UTILS.Logging\pkg\Debug\Sample.Service.UTILS.Logging\Code\System.Linq.Expressions.dll".
    Copying file from "C:\Program Files (x86)\Microsoft Visual Studio\2017\Professional\MSBuild\Microsoft\Microsoft.NET.Build.Extensions\\net461\lib\System.Linq.Parallel.dll" to "C:\Work\_temp\sf-statefull-sample\src\Sample.UTILS.Logging\pkg\Debug\Sample.Service.UTILS.Logging\Code\System.Linq.Parallel.dll".
    Copying file from "C:\Program Files (x86)\Microsoft Visual Studio\2017\Professional\MSBuild\Microsoft\Microsoft.NET.Build.Extensions\\net461\lib\System.Linq.Queryable.dll" to "C:\Work\_temp\sf-statefull-sample\src\Sample.UTILS.Logging\pkg\Debug\Sample.Service.UTILS.Logging\Code\System.Linq.Queryable.dll".
    Copying file from "C:\Program Files (x86)\Microsoft Visual Studio\2017\Professional\MSBuild\Microsoft\Microsoft.NET.Build.Extensions\\net461\lib\System.Net.Http.dll" to "C:\Work\_temp\sf-statefull-sample\src\Sample.UTILS.Logging\pkg\Debug\Sample.Service.UTILS.Logging\Code\System.Net.Http.dll".
    Copying file from "C:\Program Files (x86)\Microsoft Visual Studio\2017\Professional\MSBuild\Microsoft\Microsoft.NET.Build.Extensions\\net461\lib\System.Net.NameResolution.dll" to "C:\Work\_temp\sf-statefull-sample\src\Sample.UTILS.Logging\pkg\Debug\Sample.Service.UTILS.Logging\Code\System.Net.NameResolution.dll".
    Copying file from "C:\Program Files (x86)\Microsoft Visual Studio\2017\Professional\MSBuild\Microsoft\Microsoft.NET.Build.Extensions\\net461\lib\System.Net.NetworkInformation.dll" to "C:\Work\_temp\sf-statefull-sample\src\Sample.UTILS.Logging\pkg\Debug\Sample.Service.UTILS.Logging\Code\System.Net.NetworkInformation.dll".
    Copying file from "C:\Program Files (x86)\Microsoft Visual Studio\2017\Professional\MSBuild\Microsoft\Microsoft.NET.Build.Extensions\\net461\lib\System.Net.Ping.dll" to "C:\Work\_temp\sf-statefull-sample\src\Sample.UTILS.Logging\pkg\Debug\Sample.Service.UTILS.Logging\Code\System.Net.Ping.dll".
    Copying file from "C:\Program Files (x86)\Microsoft Visual Studio\2017\Professional\MSBuild\Microsoft\Microsoft.NET.Build.Extensions\\net461\lib\System.Net.Primitives.dll" to "C:\Work\_temp\sf-statefull-sample\src\Sample.UTILS.Logging\pkg\Debug\Sample.Service.UTILS.Logging\Code\System.Net.Primitives.dll".
    Copying file from "C:\Program Files (x86)\Microsoft Visual Studio\2017\Professional\MSBuild\Microsoft\Microsoft.NET.Build.Extensions\\net461\lib\System.Net.Requests.dll" to "C:\Work\_temp\sf-statefull-sample\src\Sample.UTILS.Logging\pkg\Debug\Sample.Service.UTILS.Logging\Code\System.Net.Requests.dll".
    Copying file from "C:\Program Files (x86)\Microsoft Visual Studio\2017\Professional\MSBuild\Microsoft\Microsoft.NET.Build.Extensions\\net461\lib\System.Net.Security.dll" to "C:\Work\_temp\sf-statefull-sample\src\Sample.UTILS.Logging\pkg\Debug\Sample.Service.UTILS.Logging\Code\System.Net.Security.dll".
    Copying file from "C:\Program Files (x86)\Microsoft Visual Studio\2017\Professional\MSBuild\Microsoft\Microsoft.NET.Build.Extensions\\net461\lib\System.Net.Sockets.dll" to "C:\Work\_temp\sf-statefull-sample\src\Sample.UTILS.Logging\pkg\Debug\Sample.Service.UTILS.Logging\Code\System.Net.Sockets.dll".
    Copying file from "C:\Program Files (x86)\Microsoft Visual Studio\2017\Professional\MSBuild\Microsoft\Microsoft.NET.Build.Extensions\\net461\lib\System.Net.WebHeaderCollection.dll" to "C:\Work\_temp\sf-statefull-sample\src\Sample.UTILS.Logging\pkg\Debug\Sample.Service.UTILS.Logging\Code\System.Net.WebHeaderCollection.dll".
    Copying file from "C:\Program Files (x86)\Microsoft Visual Studio\2017\Professional\MSBuild\Microsoft\Microsoft.NET.Build.Extensions\\net461\lib\System.Net.WebSockets.Client.dll" to "C:\Work\_temp\sf-statefull-sample\src\Sample.UTILS.Logging\pkg\Debug\Sample.Service.UTILS.Logging\Code\System.Net.WebSockets.Client.dll".
    Copying file from "C:\Program Files (x86)\Microsoft Visual Studio\2017\Professional\MSBuild\Microsoft\Microsoft.NET.Build.Extensions\\net461\lib\System.Net.WebSockets.dll" to "C:\Work\_temp\sf-statefull-sample\src\Sample.UTILS.Logging\pkg\Debug\Sample.Service.UTILS.Logging\Code\System.Net.WebSockets.dll".
    Copying file from "C:\Program Files (x86)\Microsoft Visual Studio\2017\Professional\MSBuild\Microsoft\Microsoft.NET.Build.Extensions\\net461\lib\System.ObjectModel.dll" to "C:\Work\_temp\sf-statefull-sample\src\Sample.UTILS.Logging\pkg\Debug\Sample.Service.UTILS.Logging\Code\System.ObjectModel.dll".
    Copying file from "C:\Program Files (x86)\Microsoft Visual Studio\2017\Professional\MSBuild\Microsoft\Microsoft.NET.Build.Extensions\\net461\lib\System.Reflection.dll" to "C:\Work\_temp\sf-statefull-sample\src\Sample.UTILS.Logging\pkg\Debug\Sample.Service.UTILS.Logging\Code\System.Reflection.dll".
    Copying file from "C:\Program Files (x86)\Microsoft Visual Studio\2017\Professional\MSBuild\Microsoft\Microsoft.NET.Build.Extensions\\net461\lib\System.Reflection.Extensions.dll" to "C:\Work\_temp\sf-statefull-sample\src\Sample.UTILS.Logging\pkg\Debug\Sample.Service.UTILS.Logging\Code\System.Reflection.Extensions.dll".
    Copying file from "C:\Program Files (x86)\Microsoft Visual Studio\2017\Professional\MSBuild\Microsoft\Microsoft.NET.Build.Extensions\\net461\lib\System.Reflection.Primitives.dll" to "C:\Work\_temp\sf-statefull-sample\src\Sample.UTILS.Logging\pkg\Debug\Sample.Service.UTILS.Logging\Code\System.Reflection.Primitives.dll".
    Copying file from "C:\Program Files (x86)\Microsoft Visual Studio\2017\Professional\MSBuild\Microsoft\Microsoft.NET.Build.Extensions\\net461\lib\System.Resources.Reader.dll" to "C:\Work\_temp\sf-statefull-sample\src\Sample.UTILS.Logging\pkg\Debug\Sample.Service.UTILS.Logging\Code\System.Resources.Reader.dll".
    Copying file from "C:\Program Files (x86)\Microsoft Visual Studio\2017\Professional\MSBuild\Microsoft\Microsoft.NET.Build.Extensions\\net461\lib\System.Resources.ResourceManager.dll" to "C:\Work\_temp\sf-statefull-sample\src\Sample.UTILS.Logging\pkg\Debug\Sample.Service.UTILS.Logging\Code\System.Resources.ResourceManager.dll".
    Copying file from "C:\Program Files (x86)\Microsoft Visual Studio\2017\Professional\MSBuild\Microsoft\Microsoft.NET.Build.Extensions\\net461\lib\System.Resources.Writer.dll" to "C:\Work\_temp\sf-statefull-sample\src\Sample.UTILS.Logging\pkg\Debug\Sample.Service.UTILS.Logging\Code\System.Resources.Writer.dll".
    Copying file from "C:\Program Files (x86)\Microsoft Visual Studio\2017\Professional\MSBuild\Microsoft\Microsoft.NET.Build.Extensions\\net461\lib\System.Runtime.CompilerServices.VisualC.dll" to "C:\Work\_temp\sf-statefull-sample\src\Sample.UTILS.Logging\pkg\Debug\Sample.Service.UTILS.Logging\Code\System.Runtime.CompilerServices.VisualC.dll".
    Copying file from "C:\Program Files (x86)\Microsoft Visual Studio\2017\Professional\MSBuild\Microsoft\Microsoft.NET.Build.Extensions\\net461\lib\System.Runtime.Extensions.dll" to "C:\Work\_temp\sf-statefull-sample\src\Sample.UTILS.Logging\pkg\Debug\Sample.Service.UTILS.Logging\Code\System.Runtime.Extensions.dll".
    Copying file from "C:\Program Files (x86)\Microsoft Visual Studio\2017\Professional\MSBuild\Microsoft\Microsoft.NET.Build.Extensions\\net461\lib\System.Runtime.Handles.dll" to "C:\Work\_temp\sf-statefull-sample\src\Sample.UTILS.Logging\pkg\Debug\Sample.Service.UTILS.Logging\Code\System.Runtime.Handles.dll".
    Copying file from "C:\Program Files (x86)\Microsoft Visual Studio\2017\Professional\MSBuild\Microsoft\Microsoft.NET.Build.Extensions\\net461\lib\System.Runtime.InteropServices.dll" to "C:\Work\_temp\sf-statefull-sample\src\Sample.UTILS.Logging\pkg\Debug\Sample.Service.UTILS.Logging\Code\System.Runtime.InteropServices.dll".
    Copying file from "C:\Program Files (x86)\Microsoft Visual Studio\2017\Professional\MSBuild\Microsoft\Microsoft.NET.Build.Extensions\\net461\lib\System.Runtime.Numerics.dll" to "C:\Work\_temp\sf-statefull-sample\src\Sample.UTILS.Logging\pkg\Debug\Sample.Service.UTILS.Logging\Code\System.Runtime.Numerics.dll".
    Copying file from "C:\Program Files (x86)\Microsoft Visual Studio\2017\Professional\MSBuild\Microsoft\Microsoft.NET.Build.Extensions\\net461\lib\System.Runtime.Serialization.Formatters.dll" to "C:\Work\_temp\sf-statefull-sample\src\Sample.UTILS.Logging\pkg\Debug\Sample.Service.UTILS.Logging\Code\System.Runtime.Serialization.Formatters.dll".
    Copying file from "C:\Program Files (x86)\Microsoft Visual Studio\2017\Professional\MSBuild\Microsoft\Microsoft.NET.Build.Extensions\\net461\lib\System.Runtime.Serialization.Json.dll" to "C:\Work\_temp\sf-statefull-sample\src\Sample.UTILS.Logging\pkg\Debug\Sample.Service.UTILS.Logging\Code\System.Runtime.Serialization.Json.dll".
    Copying file from "C:\Program Files (x86)\Microsoft Visual Studio\2017\Professional\MSBuild\Microsoft\Microsoft.NET.Build.Extensions\\net461\lib\System.Runtime.Serialization.Primitives.dll" to "C:\Work\_temp\sf-statefull-sample\src\Sample.UTILS.Logging\pkg\Debug\Sample.Service.UTILS.Logging\Code\System.Runtime.Serialization.Primitives.dll".
    Copying file from "C:\Program Files (x86)\Microsoft Visual Studio\2017\Professional\MSBuild\Microsoft\Microsoft.NET.Build.Extensions\\net461\lib\System.Runtime.Serialization.Xml.dll" to "C:\Work\_temp\sf-statefull-sample\src\Sample.UTILS.Logging\pkg\Debug\Sample.Service.UTILS.Logging\Code\System.Runtime.Serialization.Xml.dll".
    Copying file from "C:\Program Files (x86)\Microsoft Visual Studio\2017\Professional\MSBuild\Microsoft\Microsoft.NET.Build.Extensions\\net461\lib\System.Security.Claims.dll" to "C:\Work\_temp\sf-statefull-sample\src\Sample.UTILS.Logging\pkg\Debug\Sample.Service.UTILS.Logging\Code\System.Security.Claims.dll".
    Copying file from "C:\Program Files (x86)\Microsoft Visual Studio\2017\Professional\MSBuild\Microsoft\Microsoft.NET.Build.Extensions\\net461\lib\System.Security.Cryptography.Algorithms.dll" to "C:\Work\_temp\sf-statefull-sample\src\Sample.UTILS.Logging\pkg\Debug\Sample.Service.UTILS.Logging\Code\System.Security.Cryptography.Algorithms.dll".
    Copying file from "C:\Program Files (x86)\Microsoft Visual Studio\2017\Professional\MSBuild\Microsoft\Microsoft.NET.Build.Extensions\\net461\lib\System.Security.Cryptography.Csp.dll" to "C:\Work\_temp\sf-statefull-sample\src\Sample.UTILS.Logging\pkg\Debug\Sample.Service.UTILS.Logging\Code\System.Security.Cryptography.Csp.dll".
    Copying file from "C:\Program Files (x86)\Microsoft Visual Studio\2017\Professional\MSBuild\Microsoft\Microsoft.NET.Build.Extensions\\net461\lib\System.Security.Cryptography.Encoding.dll" to "C:\Work\_temp\sf-statefull-sample\src\Sample.UTILS.Logging\pkg\Debug\Sample.Service.UTILS.Logging\Code\System.Security.Cryptography.Encoding.dll".
    Copying file from "C:\Program Files (x86)\Microsoft Visual Studio\2017\Professional\MSBuild\Microsoft\Microsoft.NET.Build.Extensions\\net461\lib\System.Security.Cryptography.Primitives.dll" to "C:\Work\_temp\sf-statefull-sample\src\Sample.UTILS.Logging\pkg\Debug\Sample.Service.UTILS.Logging\Code\System.Security.Cryptography.Primitives.dll".
    Copying file from "C:\Program Files (x86)\Microsoft Visual Studio\2017\Professional\MSBuild\Microsoft\Microsoft.NET.Build.Extensions\\net461\lib\System.Security.Cryptography.X509Certificates.dll" to "C:\Work\_temp\sf-statefull-sample\src\Sample.UTILS.Logging\pkg\Debug\Sample.Service.UTILS.Logging\Code\System.Security.Cryptography.X509Certificates.dll".
    Copying file from "C:\Program Files (x86)\Microsoft Visual Studio\2017\Professional\MSBuild\Microsoft\Microsoft.NET.Build.Extensions\\net461\lib\System.Security.Principal.dll" to "C:\Work\_temp\sf-statefull-sample\src\Sample.UTILS.Logging\pkg\Debug\Sample.Service.UTILS.Logging\Code\System.Security.Principal.dll".
    Copying file from "C:\Program Files (x86)\Microsoft Visual Studio\2017\Professional\MSBuild\Microsoft\Microsoft.NET.Build.Extensions\\net461\lib\System.Security.SecureString.dll" to "C:\Work\_temp\sf-statefull-sample\src\Sample.UTILS.Logging\pkg\Debug\Sample.Service.UTILS.Logging\Code\System.Security.SecureString.dll".
    Copying file from "C:\Program Files (x86)\Microsoft Visual Studio\2017\Professional\MSBuild\Microsoft\Microsoft.NET.Build.Extensions\\net461\lib\System.Text.Encoding.dll" to "C:\Work\_temp\sf-statefull-sample\src\Sample.UTILS.Logging\pkg\Debug\Sample.Service.UTILS.Logging\Code\System.Text.Encoding.dll".
    Copying file from "C:\Program Files (x86)\Microsoft Visual Studio\2017\Professional\MSBuild\Microsoft\Microsoft.NET.Build.Extensions\\net461\lib\System.Text.Encoding.Extensions.dll" to "C:\Work\_temp\sf-statefull-sample\src\Sample.UTILS.Logging\pkg\Debug\Sample.Service.UTILS.Logging\Code\System.Text.Encoding.Extensions.dll".
    Copying file from "C:\Program Files (x86)\Microsoft Visual Studio\2017\Professional\MSBuild\Microsoft\Microsoft.NET.Build.Extensions\\net461\lib\System.Text.RegularExpressions.dll" to "C:\Work\_temp\sf-statefull-sample\src\Sample.UTILS.Logging\pkg\Debug\Sample.Service.UTILS.Logging\Code\System.Text.RegularExpressions.dll".
    Copying file from "C:\Program Files (x86)\Microsoft Visual Studio\2017\Professional\MSBuild\Microsoft\Microsoft.NET.Build.Extensions\\net461\lib\System.Threading.dll" to "C:\Work\_temp\sf-statefull-sample\src\Sample.UTILS.Logging\pkg\Debug\Sample.Service.UTILS.Logging\Code\System.Threading.dll".
    Copying file from "C:\Program Files (x86)\Microsoft Visual Studio\2017\Professional\MSBuild\Microsoft\Microsoft.NET.Build.Extensions\\net461\lib\System.Threading.Overlapped.dll" to "C:\Work\_temp\sf-statefull-sample\src\Sample.UTILS.Logging\pkg\Debug\Sample.Service.UTILS.Logging\Code\System.Threading.Overlapped.dll".
    Copying file from "C:\Program Files (x86)\Microsoft Visual Studio\2017\Professional\MSBuild\Microsoft\Microsoft.NET.Build.Extensions\\net461\lib\System.Threading.Tasks.dll" to "C:\Work\_temp\sf-statefull-sample\src\Sample.UTILS.Logging\pkg\Debug\Sample.Service.UTILS.Logging\Code\System.Threading.Tasks.dll".
    Copying file from "C:\Program Files (x86)\Microsoft Visual Studio\2017\Professional\MSBuild\Microsoft\Microsoft.NET.Build.Extensions\\net461\lib\System.Threading.Tasks.Parallel.dll" to "C:\Work\_temp\sf-statefull-sample\src\Sample.UTILS.Logging\pkg\Debug\Sample.Service.UTILS.Logging\Code\System.Threading.Tasks.Parallel.dll".
    Copying file from "C:\Program Files (x86)\Microsoft Visual Studio\2017\Professional\MSBuild\Microsoft\Microsoft.NET.Build.Extensions\\net461\lib\System.Threading.Thread.dll" to "C:\Work\_temp\sf-statefull-sample\src\Sample.UTILS.Logging\pkg\Debug\Sample.Service.UTILS.Logging\Code\System.Threading.Thread.dll".
    Copying file from "C:\Program Files (x86)\Microsoft Visual Studio\2017\Professional\MSBuild\Microsoft\Microsoft.NET.Build.Extensions\\net461\lib\System.Threading.ThreadPool.dll" to "C:\Work\_temp\sf-statefull-sample\src\Sample.UTILS.Logging\pkg\Debug\Sample.Service.UTILS.Logging\Code\System.Threading.ThreadPool.dll".
    Copying file from "C:\Program Files (x86)\Microsoft Visual Studio\2017\Professional\MSBuild\Microsoft\Microsoft.NET.Build.Extensions\\net461\lib\System.Threading.Timer.dll" to "C:\Work\_temp\sf-statefull-sample\src\Sample.UTILS.Logging\pkg\Debug\Sample.Service.UTILS.Logging\Code\System.Threading.Timer.dll".
    Copying file from "C:\Program Files (x86)\Microsoft Visual Studio\2017\Professional\MSBuild\Microsoft\Microsoft.NET.Build.Extensions\\net461\lib\System.ValueTuple.dll" to "C:\Work\_temp\sf-statefull-sample\src\Sample.UTILS.Logging\pkg\Debug\Sample.Service.UTILS.Logging\Code\System.ValueTuple.dll".
    Copying file from "C:\Program Files (x86)\Microsoft Visual Studio\2017\Professional\MSBuild\Microsoft\Microsoft.NET.Build.Extensions\\net461\lib\System.Xml.ReaderWriter.dll" to "C:\Work\_temp\sf-statefull-sample\src\Sample.UTILS.Logging\pkg\Debug\Sample.Service.UTILS.Logging\Code\System.Xml.ReaderWriter.dll".
    Copying file from "C:\Program Files (x86)\Microsoft Visual Studio\2017\Professional\MSBuild\Microsoft\Microsoft.NET.Build.Extensions\\net461\lib\System.Xml.XDocument.dll" to "C:\Work\_temp\sf-statefull-sample\src\Sample.UTILS.Logging\pkg\Debug\Sample.Service.UTILS.Logging\Code\System.Xml.XDocument.dll".
    Copying file from "C:\Program Files (x86)\Microsoft Visual Studio\2017\Professional\MSBuild\Microsoft\Microsoft.NET.Build.Extensions\\net461\lib\System.Xml.XmlDocument.dll" to "C:\Work\_temp\sf-statefull-sample\src\Sample.UTILS.Logging\pkg\Debug\Sample.Service.UTILS.Logging\Code\System.Xml.XmlDocument.dll".
    Copying file from "C:\Program Files (x86)\Microsoft Visual Studio\2017\Professional\MSBuild\Microsoft\Microsoft.NET.Build.Extensions\\net461\lib\System.Xml.XmlSerializer.dll" to "C:\Work\_temp\sf-statefull-sample\src\Sample.UTILS.Logging\pkg\Debug\Sample.Service.UTILS.Logging\Code\System.Xml.XmlSerializer.dll".
    Copying file from "C:\Program Files (x86)\Microsoft Visual Studio\2017\Professional\MSBuild\Microsoft\Microsoft.NET.Build.Extensions\\net461\lib\System.Xml.XPath.dll" to "C:\Work\_temp\sf-statefull-sample\src\Sample.UTILS.Logging\pkg\Debug\Sample.Service.UTILS.Logging\Code\System.Xml.XPath.dll".
    Copying file from "C:\Program Files (x86)\Microsoft Visual Studio\2017\Professional\MSBuild\Microsoft\Microsoft.NET.Build.Extensions\\net461\lib\System.Xml.XPath.XDocument.dll" to "C:\Work\_temp\sf-statefull-sample\src\Sample.UTILS.Logging\pkg\Debug\Sample.Service.UTILS.Logging\Code\System.Xml.XPath.XDocument.dll".
    Copying file from "C:\Work\_temp\sf-statefull-sample\src\Sample.Service.UTILS.Logging.Abstractions\bin\x64\Debug\net462\Sample.Service.UTILS.Logging.Abstractions.dll" to "C:\Work\_temp\sf-statefull-sample\src\Sample.UTILS.Logging\pkg\Debug\Sample.Service.UTILS.Logging\Code\Sample.Service.UTILS.Logging.Abstractions.dll".
    Copying file from "C:\Work\_temp\sf-statefull-sample\src\Sample.Service.UTILS.Logging.Abstractions\bin\x64\Debug\net462\Sample.Service.UTILS.Logging.Abstractions.pdb" to "C:\Work\_temp\sf-statefull-sample\src\Sample.UTILS.Logging\pkg\Debug\Sample.Service.UTILS.Logging\Code\Sample.Service.UTILS.Logging.Abstractions.pdb".
  Target Publish:
    Sample.Service.UTILS.Logging -> C:\Work\_temp\sf-statefull-sample\src\Sample.UTILS.Logging\pkg\Debug\Sample.Service.UTILS.Logging\Code\
Target PackageApplication:
  Copying file from "C:\Work\_temp\sf-statefull-sample\src\Sample.UTILS.Logging\ApplicationPackageRoot\ApplicationManifest.xml" to "C:\Work\_temp\sf-statefull-sample\src\Sample.UTILS.Logging\pkg\Debug\ApplicationManifest.xml".
Target CollectPackageFiles:
  Sample.UTILS.Logging -> C:\Work\_temp\sf-statefull-sample\src\Sample.UTILS.Logging\pkg\Debug
-------- Package: Project: Sample.UTILS.Logging succeeded, Time elapsed: 00:00:03.4140259 --------
2>Started executing script 'Deploy-FabricApplication.ps1'.
2>. 'C:\Work\_temp\sf-statefull-sample\src\Sample.UTILS.Logging\Scripts\Deploy-FabricApplication.ps1' -ApplicationPackagePath 'C:\Work\_temp\sf-statefull-sample\src\Sample.UTILS.Logging\pkg\Debug' -PublishProfileFile 'C:\Work\_temp\sf-statefull-sample\src\Sample.UTILS.Logging\PublishProfiles\Local.1Node.xml' -DeployOnly:$true -ApplicationParameter:@{_WFDebugParams_='[{"""CodePackageName""":"""Code""","""CodePackageLinkFolder""":"""C:\\Work\\_temp\\sf-statefull-sample\\src\\Sample.Service.UTILS.Logging\\bin\\x64\\Debug\\net462\\win7-x64""","""ConfigPackageName""":"""Config""","""ConfigPackageLinkFolder""":"""C:\\Work\\_temp\\sf-statefull-sample\\src\\Sample.Service.UTILS.Logging\\PackageRoot\\Config""","""DataPackageName""":null,"""DataPackageLinkFolder""":null,"""LockFile""":"""C:\\Work\\_temp\\sf-statefull-sample\\src\\Sample.Service.UTILS.Logging\\bin\\x64\\Debug\\net462\\win7-x64\\_VS_ServiceFabric_lock.txt""","""WorkingFolder""":"""C:\\Work\\_temp\\sf-statefull-sample\\src\\Sample.Service.UTILS.Logging""","""ServiceManifestName""":"""Sample.Service.UTILS.Logging""","""EntryPointType""":"""Main""","""DebugExePath""":null,"""DebugArguments""":null,"""DebugParametersFile""":"""C:\\Work\\_temp\\sf-statefull-sample\\src\\Sample.Service.UTILS.Logging\\bin\\x64\\Debug\\net462\\win7-x64\\_VS_ServiceFabric_debug.txt"""}]'} -UnregisterUnusedApplicationVersionsAfterUpgrade $false -OverrideUpgradeBehavior 'None' -OverwriteBehavior 'Always' -SkipPackageValidation:$true -ErrorAction Stop
2>Application Type  Sample.UTILS.LoggingType  and Version  1.0.0  was already registered with Cluster, unregistering it...
2>Unregister application type succeeded.
2>Copying application to image store...
2>Upload to Image Store succeeded
2>Registering application type...
2>Register application type succeeded
2>Removing application package from image store...
2>Remove application package succeeded
2>Finished executing script 'Deploy-FabricApplication.ps1'.
2>Time elapsed: 00:00:21.7473466
========== Build: 1 succeeded, 0 failed, 2 up-to-date, 0 skipped ==========
========== Deploy: 1 succeeded, 0 failed, 0 skipped ==========
