Creating application...


ApplicationName        : fabric:/Sample.UTILS.Logging
ApplicationTypeName    : Sample.UTILS.LoggingType
ApplicationTypeVersion : 1.0.0
ApplicationParameters  : { "TargetReplicaSetSize" = "1";
                         "_WFDebugParams_" = "[{"CodePackageName":"Code","CodePackageLinkFolder":null,"ConfigPackageNam
                         e":null,"ConfigPackageLinkFolder":null,"DataPackageName":null,"DataPackageLinkFolder":null,"Lo
                         ckFile":null,"WorkingFolder":null,"ServiceManifestName":"Sample.Service.UTILS.Logging","EntryP
                         ointType":"Main","DebugExePath":"C:\\Program Files (x86)\\Microsoft Visual Studio\\2017\\Profe
                         ssional\\Common7\\Packages\\Debugger\\VsDebugLaunchNotify.exe","DebugArguments":" {e1c2379b-78
                         25-4a7d-97f4-1934abdfbe2a} -p [ProcessId] -tid [ThreadId]","DebugParametersFile":null}]";
                         "MinReplicaSetSize" = "1";
                         "PartitionCount" = "1" }

Create application succeeded.


Finished executing script 'Publish-NewServiceFabricApplication'.
Time elapsed: 00:00:10.1415403
Started executing script 'Get-ServiceFabricApplicationStatus'.
[void](Connect-ServiceFabricCluster); Import-Module 'C:\Program Files\Microsoft SDKs\Service Fabric\Tools\PSModule\ServiceFabricSDK\ServiceFabricSDK.psm1'; Get-ServiceFabricApplicationStatus -ApplicationName 'fabric:/Sample.UTILS.Logging' -ErrorAction Stop
'Sample.Service.UTILS.Logging.exe' (CLR v4.0.30319: DefaultDomain): Loaded 'C:\WINDOWS\Microsoft.Net\assembly\GAC_64\mscorlib\v4.0_4.0.0.0__b77a5c561934e089\mscorlib.dll'. Cannot find or open the PDB file.
'Sample.Service.UTILS.Logging.exe' (CLR v4.0.30319: DefaultDomain): Loaded 'C:\SfDevCluster\Data\_App\_Node_0\Sample.UTILS.LoggingType_App9\Sample.Service.UTILS.Logging.Code.1.0.0\Sample.Service.UTILS.Logging.exe'. Symbols loaded.
'Sample.Service.UTILS.Logging.exe' (CLR v4.0.30319: Sample.Service.UTILS.Logging.exe): Loaded 'C:\WINDOWS\Microsoft.Net\assembly\GAC_64\System.Fabric\v4.0_6.0.0.0__31bf3856ad364e35\System.Fabric.dll'. Cannot find or open the PDB file.
'Sample.Service.UTILS.Logging.exe' (CLR v4.0.30319: Sample.Service.UTILS.Logging.exe): Loaded 'C:\SfDevCluster\Data\_App\_Node_0\Sample.UTILS.LoggingType_App9\Sample.Service.UTILS.Logging.Code.1.0.0\Microsoft.ServiceFabric.Services.dll'. Cannot find or open the PDB file.
'Sample.Service.UTILS.Logging.exe' (CLR v4.0.30319: Sample.Service.UTILS.Logging.exe): Loaded 'C:\WINDOWS\Microsoft.Net\assembly\GAC_64\Microsoft.ServiceFabric.Data.Interfaces\v4.0_5.0.0.0__31bf3856ad364e35\Microsoft.ServiceFabric.Data.Interfaces.dll'. Cannot find or open the PDB file.
'Sample.Service.UTILS.Logging.exe' (CLR v4.0.30319: Sample.Service.UTILS.Logging.exe): Loaded 'C:\WINDOWS\Microsoft.Net\assembly\GAC_MSIL\System\v4.0_4.0.0.0__b77a5c561934e089\System.dll'. Cannot find or open the PDB file.
'Sample.Service.UTILS.Logging.exe' (CLR v4.0.30319: Sample.Service.UTILS.Logging.exe): Loaded 'C:\SfDevCluster\Data\_App\_Node_0\Sample.UTILS.LoggingType_App9\Sample.Service.UTILS.Logging.Code.1.0.0\Sample.Service.UTILS.Logging.Abstractions.dll'. Symbols loaded.
'Sample.Service.UTILS.Logging.exe' (CLR v4.0.30319: Sample.Service.UTILS.Logging.exe): Loaded 'C:\SfDevCluster\Data\_App\_Node_0\Sample.UTILS.LoggingType_App9\Sample.Service.UTILS.Logging.Code.1.0.0\Microsoft.ServiceFabric.Services.Remoting.dll'. Cannot find or open the PDB file.
'Sample.Service.UTILS.Logging.exe' (CLR v4.0.30319: Sample.Service.UTILS.Logging.exe): Loaded 'C:\SfDevCluster\Data\_App\_Node_0\Sample.UTILS.LoggingType_App9\Sample.Service.UTILS.Logging.Code.1.0.0\Microsoft.ServiceFabric.Internal.dll'. Cannot find or open the PDB file.
'Sample.Service.UTILS.Logging.exe' (CLR v4.0.30319: Sample.Service.UTILS.Logging.exe): Loaded 'C:\WINDOWS\Microsoft.Net\assembly\GAC_MSIL\System.Numerics\v4.0_4.0.0.0__b77a5c561934e089\System.Numerics.dll'. Cannot find or open the PDB file.
'Sample.Service.UTILS.Logging.exe' (CLR v4.0.30319: Sample.Service.UTILS.Logging.exe): Loaded 'C:\WINDOWS\Microsoft.Net\assembly\GAC_64\System.Fabric.Strings\v4.0_6.0.0.0__31bf3856ad364e35\System.Fabric.Strings.dll'. Cannot find or open the PDB file.
'Sample.Service.UTILS.Logging.exe' (CLR v4.0.30319: Sample.Service.UTILS.Logging.exe): Loaded 'C:\WINDOWS\Microsoft.Net\assembly\GAC_MSIL\System.Core\v4.0_4.0.0.0__b77a5c561934e089\System.Core.dll'. Cannot find or open the PDB file.
The application has started.
Service Status:
fabric:/Sample.UTILS.Logging/Logging is not ready, 1 partitions remaining.

Service Status:
fabric:/Sample.UTILS.Logging/Logging is not ready, 1 partitions remaining.

'Sample.Service.UTILS.Logging.exe' (CLR v4.0.30319: Sample.Service.UTILS.Logging.exe): Loaded 'C:\SfDevCluster\Data\_App\_Node_0\Sample.UTILS.LoggingType_App9\Sample.Service.UTILS.Logging.Code.1.0.0\Microsoft.ServiceFabric.Data.dll'. Cannot find or open the PDB file.
'Sample.Service.UTILS.Logging.exe' (CLR v4.0.30319: Sample.Service.UTILS.Logging.exe): Loaded 'C:\Program Files\Microsoft Service Fabric\bin\Fabric\Fabric.Code\Microsoft.ServiceFabric.Data.Impl.dll'. Cannot find or open the PDB file.
'Sample.Service.UTILS.Logging.exe' (CLR v4.0.30319: Sample.Service.UTILS.Logging.exe): Loaded 'C:\Program Files\Microsoft Service Fabric\bin\Fabric\Fabric.Code\System.Fabric.BackupRestore.dll'. Cannot find or open the PDB file.
'Sample.Service.UTILS.Logging.exe' (CLR v4.0.30319: Sample.Service.UTILS.Logging.exe): Loaded 'C:\SfDevCluster\Data\_App\_Node_0\Sample.UTILS.LoggingType_App9\Sample.Service.UTILS.Logging.Code.1.0.0\Microsoft.ServiceFabric.Diagnostics.dll'. Cannot find or open the PDB file.
'Sample.Service.UTILS.Logging.exe' (CLR v4.0.30319: Sample.Service.UTILS.Logging.exe): Loaded 'C:\WINDOWS\Microsoft.Net\assembly\GAC_MSIL\mscorlib.resources\v4.0_4.0.0.0_ru_b77a5c561934e089\mscorlib.resources.dll'. Module was built without symbols.
Exception thrown: 'System.Runtime.InteropServices.COMException' in Microsoft.ServiceFabric.Data.Impl.dll
Exception thrown: 'System.Collections.Generic.KeyNotFoundException' in mscorlib.dll
Service Status:
fabric:/Sample.UTILS.Logging/Logging is not ready, 1 partitions remaining.

Exception thrown: 'System.Runtime.InteropServices.COMException' in Microsoft.ServiceFabric.Data.Impl.dll
Exception thrown: 'System.Collections.Generic.KeyNotFoundException' in mscorlib.dll
Exception thrown: 'System.Collections.Generic.KeyNotFoundException' in mscorlib.dll
Exception thrown: 'System.Runtime.InteropServices.COMException' in Microsoft.ServiceFabric.Data.Impl.dll
Exception thrown: 'System.Runtime.InteropServices.COMException' in System.Fabric.dll
Exception thrown: 'System.Fabric.FabricTransientException' in Microsoft.ServiceFabric.Data.Impl.dll
Exception thrown: 'System.Fabric.FabricTransientException' in Microsoft.ServiceFabric.Data.Impl.dll
'Sample.Service.UTILS.Logging.exe' (CLR v4.0.30319: Sample.Service.UTILS.Logging.exe): Loaded 'C:\WINDOWS\Microsoft.Net\assembly\GAC_MSIL\System.Runtime.Serialization\v4.0_4.0.0.0__b77a5c561934e089\System.Runtime.Serialization.dll'. Cannot find or open the PDB file.
Exception thrown: 'System.IO.FileLoadException' in Microsoft.ServiceFabric.Services.dll
Managed Debugging Assistant 'FatalExecutionEngineError' 
В среде выполнения обнаружена критическая ошибка. Ошибка произошла по адресу 0x6d6ad426 в потоке 0x2ddc. Код ошибки 0x80131623. Она может быть вызвана ошибкой в CLR или в небезопасных либо не поддающихся проверке фрагментах пользовательского кода. Обычно источниками таких ошибок бывают ошибки упаковки, допускаемые пользователями при COM-взаимодействии, либо PInvoke, повредивший стек.

Service Status:
fabric:/Sample.UTILS.Logging/Logging is ready.

The application is ready.
Finished executing script 'Get-ServiceFabricApplicationStatus'.
Time elapsed: 00:00:12.1353924
The thread 0x3980 has exited with code 0 (0x0).
The thread 0x7e68 has exited with code 0 (0x0).
An unhandled exception of type 'System.ExecutionEngineException' occurred in mscorlib.dll

The program '[12800] Sample.Service.UTILS.Logging.exe' has exited with code -2146232797 (0x80131623).
'Sample.Service.UTILS.Logging.exe' (CLR v4.0.30319: DefaultDomain): Loaded 'C:\WINDOWS\Microsoft.Net\assembly\GAC_64\mscorlib\v4.0_4.0.0.0__b77a5c561934e089\mscorlib.dll'. Cannot find or open the PDB file.
'Sample.Service.UTILS.Logging.exe' (CLR v4.0.30319: DefaultDomain): Loaded 'C:\SfDevCluster\Data\_App\_Node_0\Sample.UTILS.LoggingType_App9\Sample.Service.UTILS.Logging.Code.1.0.0\Sample.Service.UTILS.Logging.exe'. Symbols loaded.
'Sample.Service.UTILS.Logging.exe' (CLR v4.0.30319: Sample.Service.UTILS.Logging.exe): Loaded 'C:\WINDOWS\Microsoft.Net\assembly\GAC_64\System.Fabric\v4.0_6.0.0.0__31bf3856ad364e35\System.Fabric.dll'. Cannot find or open the PDB file.
'Sample.Service.UTILS.Logging.exe' (CLR v4.0.30319: Sample.Service.UTILS.Logging.exe): Loaded 'C:\SfDevCluster\Data\_App\_Node_0\Sample.UTILS.LoggingType_App9\Sample.Service.UTILS.Logging.Code.1.0.0\Microsoft.ServiceFabric.Services.dll'. Cannot find or open the PDB file.
'Sample.Service.UTILS.Logging.exe' (CLR v4.0.30319: Sample.Service.UTILS.Logging.exe): Loaded 'C:\WINDOWS\Microsoft.Net\assembly\GAC_64\Microsoft.ServiceFabric.Data.Interfaces\v4.0_5.0.0.0__31bf3856ad364e35\Microsoft.ServiceFabric.Data.Interfaces.dll'. Cannot find or open the PDB file.
'Sample.Service.UTILS.Logging.exe' (CLR v4.0.30319: Sample.Service.UTILS.Logging.exe): Loaded 'C:\WINDOWS\Microsoft.Net\assembly\GAC_MSIL\System\v4.0_4.0.0.0__b77a5c561934e089\System.dll'. Cannot find or open the PDB file.
'Sample.Service.UTILS.Logging.exe' (CLR v4.0.30319: Sample.Service.UTILS.Logging.exe): Loaded 'C:\SfDevCluster\Data\_App\_Node_0\Sample.UTILS.LoggingType_App9\Sample.Service.UTILS.Logging.Code.1.0.0\Sample.Service.UTILS.Logging.Abstractions.dll'. Symbols loaded.
'Sample.Service.UTILS.Logging.exe' (CLR v4.0.30319: Sample.Service.UTILS.Logging.exe): Loaded 'C:\SfDevCluster\Data\_App\_Node_0\Sample.UTILS.LoggingType_App9\Sample.Service.UTILS.Logging.Code.1.0.0\Microsoft.ServiceFabric.Services.Remoting.dll'. Cannot find or open the PDB file.
'Sample.Service.UTILS.Logging.exe' (CLR v4.0.30319: Sample.Service.UTILS.Logging.exe): Loaded 'C:\SfDevCluster\Data\_App\_Node_0\Sample.UTILS.LoggingType_App9\Sample.Service.UTILS.Logging.Code.1.0.0\Microsoft.ServiceFabric.Internal.dll'. Cannot find or open the PDB file.
'Sample.Service.UTILS.Logging.exe' (CLR v4.0.30319: Sample.Service.UTILS.Logging.exe): Loaded 'C:\WINDOWS\Microsoft.Net\assembly\GAC_MSIL\System.Numerics\v4.0_4.0.0.0__b77a5c561934e089\System.Numerics.dll'. Cannot find or open the PDB file.
'Sample.Service.UTILS.Logging.exe' (CLR v4.0.30319: Sample.Service.UTILS.Logging.exe): Loaded 'C:\WINDOWS\Microsoft.Net\assembly\GAC_64\System.Fabric.Strings\v4.0_6.0.0.0__31bf3856ad364e35\System.Fabric.Strings.dll'. Cannot find or open the PDB file.
'Sample.Service.UTILS.Logging.exe' (CLR v4.0.30319: Sample.Service.UTILS.Logging.exe): Loaded 'C:\WINDOWS\Microsoft.Net\assembly\GAC_MSIL\System.Core\v4.0_4.0.0.0__b77a5c561934e089\System.Core.dll'. Cannot find or open the PDB file.
